<?xml version="1.0" encoding="UTF-8"?>
<testng-results ignored="0" total="1" passed="1" failed="0" skipped="0">
  <reporter-output>
  </reporter-output>
  <suite started-at="2021-03-23T20:36:05 IST" name="inetBankingV1" finished-at="2021-03-23T20:36:59 IST" duration-ms="53692">
    <groups>
    </groups>
    <test started-at="2021-03-23T20:36:05 IST" name="BankingAppTest" finished-at="2021-03-23T20:36:59 IST" duration-ms="53692">
      <class name="com.inetBanking.testcases.Tc_003_AddCustomer">
        <test-method is-config="true" signature="setup(java.lang.String)[pri:0, instance:com.inetBanking.testcases.Tc_003_AddCustomer@3697186]" started-at="2021-03-23T20:36:05 IST" name="setup" finished-at="2021-03-23T20:36:29 IST" duration-ms="23518" status="PASS">
          <params>
            <param index="0">
              <value>
                <![CDATA[chrome]]>
              </value>
            </param>
          </params>
          <reporter-output>
          </reporter-output>
        </test-method> <!-- setup -->
        <test-method signature="AddnewCustomer()[pri:0, instance:com.inetBanking.testcases.Tc_003_AddCustomer@3697186]" started-at="2021-03-23T20:36:29 IST" name="AddnewCustomer" finished-at="2021-03-23T20:36:57 IST" duration-ms="28400" status="PASS">
          <reporter-output>
          </reporter-output>
        </test-method> <!-- AddnewCustomer -->
        <test-method is-config="true" signature="tearDown()[pri:0, instance:com.inetBanking.testcases.Tc_003_AddCustomer@3697186]" started-at="2021-03-23T20:36:57 IST" name="tearDown" finished-at="2021-03-23T20:36:59 IST" duration-ms="1233" status="PASS">
          <reporter-output>
          </reporter-output>
        </test-method> <!-- tearDown -->
      </class> <!-- com.inetBanking.testcases.Tc_003_AddCustomer -->
    </test> <!-- BankingAppTest -->
  </suite> <!-- inetBankingV1 -->
</testng-results>
