<?xml version="1.0" encoding="UTF-8"?>
<testng-results skipped="0" failed="0" ignored="0" total="1" passed="1">
  <reporter-output>
  </reporter-output>
  <suite name="FacebookDemo" duration-ms="82400" started-at="2021-06-03T22:58:00 IST" finished-at="2021-06-03T22:59:22 IST">
    <groups>
    </groups>
    <test name="FacebookTest" duration-ms="82400" started-at="2021-06-03T22:58:00 IST" finished-at="2021-06-03T22:59:22 IST">
      <class name="com.facebook.testcases.Tc_003_CreatePostTest">
        <test-method status="PASS" signature="setup(java.lang.String)[pri:0, instance:com.facebook.testcases.Tc_003_CreatePostTest@7ed7259e]" name="setup" is-config="true" duration-ms="10927" started-at="2021-06-03T22:58:00 IST" finished-at="2021-06-03T22:58:11 IST">
          <params>
            <param index="0">
              <value>
                <![CDATA[chrome]]>
              </value>
            </param>
          </params>
          <reporter-output>
          </reporter-output>
        </test-method> <!-- setup -->
        <test-method status="PASS" signature="CreatePostTest()[pri:0, instance:com.facebook.testcases.Tc_003_CreatePostTest@7ed7259e]" name="CreatePostTest" duration-ms="69942" started-at="2021-06-03T22:58:11 IST" finished-at="2021-06-03T22:59:21 IST">
          <reporter-output>
          </reporter-output>
        </test-method> <!-- CreatePostTest -->
        <test-method status="PASS" signature="tearDown()[pri:0, instance:com.facebook.testcases.Tc_003_CreatePostTest@7ed7259e]" name="tearDown" is-config="true" duration-ms="1122" started-at="2021-06-03T22:59:21 IST" finished-at="2021-06-03T22:59:22 IST">
          <reporter-output>
          </reporter-output>
        </test-method> <!-- tearDown -->
      </class> <!-- com.facebook.testcases.Tc_003_CreatePostTest -->
    </test> <!-- FacebookTest -->
  </suite> <!-- FacebookDemo -->
</testng-results>
