<?xml version="1.0" encoding="UTF-8"?>
<testng-results skipped="0" failed="0" ignored="0" total="1" passed="1">
  <reporter-output>
  </reporter-output>
  <suite name="Default suite" duration-ms="19629" started-at="2021-05-18T07:59:21Z" finished-at="2021-05-18T07:59:41Z">
    <groups>
    </groups>
    <test name="Default test" duration-ms="19629" started-at="2021-05-18T07:59:21Z" finished-at="2021-05-18T07:59:41Z">
      <class name="TravelPHP.LoginTest">
        <test-method status="PASS" signature="Login()[pri:0, instance:TravelPHP.LoginTest@51e5fc98]" name="Login" duration-ms="19523" started-at="2021-05-18T07:59:21Z" finished-at="2021-05-18T07:59:40Z">
          <reporter-output>
          </reporter-output>
        </test-method> <!-- Login -->
      </class> <!-- TravelPHP.LoginTest -->
    </test> <!-- Default test -->
  </suite> <!-- Default suite -->
</testng-results>
